<?xml version="1.0" encoding="UTF-8"?>
<coverage generated="1772404684465" clover="3.2.0">
  <project timestamp="1772404684465" name="All files">
    <metrics statements="72" coveredstatements="72" conditionals="14" coveredconditionals="14" methods="14" coveredmethods="14" elements="100" coveredelements="100" complexity="0" loc="72" ncloc="72" packages="1" files="2" classes="2"/>
    <file name="Deflate.ts" path="/Users/alexeygara/ПРОЕКТЫ/String of Numbers Deflate/src/Deflate.ts">
      <metrics statements="45" coveredstatements="45" conditionals="10" coveredconditionals="10" methods="10" coveredmethods="10"/>
      <line num="10" count="2" type="stmt"/>
      <line num="12" count="2" type="stmt"/>
      <line num="27" count="34" type="stmt"/>
      <line num="28" count="34" type="stmt"/>
      <line num="31" count="1" type="stmt"/>
      <line num="34" count="33" type="cond" truecount="2" falsecount="0"/>
      <line num="35" count="3" type="stmt"/>
      <line num="39" count="30" type="stmt"/>
      <line num="41" count="30" type="cond" truecount="2" falsecount="0"/>
      <line num="43" count="14" type="stmt"/>
      <line num="46" count="14" type="stmt"/>
      <line num="50" count="30" type="stmt"/>
      <line num="53" count="30" type="stmt"/>
      <line num="57" count="7879" type="stmt"/>
      <line num="59" count="30" type="stmt"/>
      <line num="61" count="30" type="stmt"/>
      <line num="66" count="2" type="stmt"/>
      <line num="67" count="34" type="stmt"/>
      <line num="68" count="11293" type="stmt"/>
      <line num="69" count="11293" type="cond" truecount="2" falsecount="0"/>
      <line num="70" count="1" type="stmt"/>
      <line num="72" count="11292" type="stmt"/>
      <line num="76" count="2" type="stmt"/>
      <line num="77" count="45046" type="stmt"/>
      <line num="80" count="2" type="stmt"/>
      <line num="81" count="14" type="stmt"/>
      <line num="82" count="5637" type="cond" truecount="2" falsecount="0"/>
      <line num="83" count="14" type="stmt"/>
      <line num="85" count="5623" type="stmt"/>
      <line num="89" count="2" type="stmt"/>
      <line num="90" count="30" type="stmt"/>
      <line num="91" count="30" type="stmt"/>
      <line num="94" count="2" type="stmt"/>
      <line num="95" count="30" type="stmt"/>
      <line num="96" count="30" type="stmt"/>
      <line num="98" count="30" type="stmt"/>
      <line num="100" count="30" type="stmt"/>
      <line num="101" count="11284" type="stmt"/>
      <line num="103" count="62949" type="stmt"/>
      <line num="105" count="62949" type="cond" truecount="2" falsecount="0"/>
      <line num="106" count="22669" type="stmt"/>
      <line num="107" count="22669" type="stmt"/>
      <line num="109" count="22669" type="stmt"/>
      <line num="111" count="62949" type="stmt"/>
      <line num="114" count="30" type="stmt"/>
    </file>
    <file name="Inflate.ts" path="/Users/alexeygara/ПРОЕКТЫ/String of Numbers Deflate/src/Inflate.ts">
      <metrics statements="27" coveredstatements="27" conditionals="4" coveredconditionals="4" methods="4" coveredmethods="4"/>
      <line num="10" count="2" type="stmt"/>
      <line num="23" count="29" type="stmt"/>
      <line num="26" count="28" type="stmt"/>
      <line num="27" count="28" type="stmt"/>
      <line num="28" count="7843" type="stmt"/>
      <line num="32" count="28" type="stmt"/>
      <line num="34" count="28" type="cond" truecount="2" falsecount="0"/>
      <line num="36" count="16" type="stmt"/>
      <line num="39" count="28" type="stmt"/>
      <line num="44" count="2" type="stmt"/>
      <line num="45" count="28" type="stmt"/>
      <line num="47" count="28" type="stmt"/>
      <line num="49" count="28" type="stmt"/>
      <line num="50" count="11255" type="stmt"/>
      <line num="51" count="11255" type="stmt"/>
      <line num="52" count="62677" type="stmt"/>
      <line num="53" count="62677" type="stmt"/>
      <line num="56" count="62677" type="cond" truecount="2" falsecount="0"/>
      <line num="57" count="22597" type="stmt"/>
      <line num="59" count="62677" type="stmt"/>
      <line num="61" count="11255" type="stmt"/>
      <line num="63" count="28" type="stmt"/>
      <line num="66" count="2" type="stmt"/>
      <line num="67" count="16" type="stmt"/>
      <line num="68" count="16" type="stmt"/>
      <line num="70" count="5636" type="stmt"/>
      <line num="71" count="5636" type="stmt"/>
    </file>
  </project>
</coverage>
