{"/Users/alexeygara/ПРОЕКТЫ/String of Numbers Deflate/src/Deflate.ts": {"path":"/Users/alexeygara/ПРОЕКТЫ/String of Numbers Deflate/src/Deflate.ts","statementMap":{"0":{"start":{"line":27,"column":2},"end":{"line":32,"column":null}},"1":{"start":{"line":28,"column":3},"end":{"line":28,"column":32}},"2":{"start":{"line":31,"column":3},"end":{"line":31,"column":84}},"3":{"start":{"line":34,"column":2},"end":{"line":37,"column":null}},"4":{"start":{"line":35,"column":3},"end":{"line":36,"column":119}},"5":{"start":{"line":39,"column":24},"end":{"line":39,"column":36}},"6":{"start":{"line":41,"column":2},"end":{"line":47,"column":null}},"7":{"start":{"line":43,"column":3},"end":{"line":43,"column":32}},"8":{"start":{"line":46,"column":3},"end":{"line":46,"column":37}},"9":{"start":{"line":50,"column":23},"end":{"line":50,"column":45}},"10":{"start":{"line":53,"column":21},"end":{"line":53,"column":50}},"11":{"start":{"line":57,"column":23},"end":{"line":57,"column":92}},"12":{"start":{"line":57,"column":56},"end":{"line":57,"column":87}},"13":{"start":{"line":59,"column":20},"end":{"line":59,"column":38}},"14":{"start":{"line":61,"column":2},"end":{"line":61,"column":70}},"15":{"start":{"line":10,"column":0},"end":{"line":10,"column":13}},"16":{"start":{"line":12,"column":8},"end":{"line":12,"column":null}},"17":{"start":{"line":66,"column":19},"end":{"line":74,"column":1}},"18":{"start":{"line":67,"column":1},"end":{"line":73,"column":4}},"19":{"start":{"line":68,"column":12},"end":{"line":68,"column":21}},"20":{"start":{"line":69,"column":2},"end":{"line":71,"column":null}},"21":{"start":{"line":70,"column":3},"end":{"line":70,"column":63}},"22":{"start":{"line":72,"column":2},"end":{"line":72,"column":11}},"23":{"start":{"line":76,"column":22},"end":{"line":78,"column":1}},"24":{"start":{"line":77,"column":1},"end":{"line":77,"column":null}},"25":{"start":{"line":77,"column":30},"end":{"line":77,"column":35}},"26":{"start":{"line":80,"column":27},"end":{"line":87,"column":1}},"27":{"start":{"line":81,"column":1},"end":{"line":86,"column":4}},"28":{"start":{"line":82,"column":2},"end":{"line":84,"column":4}},"29":{"start":{"line":83,"column":3},"end":{"line":83,"column":14}},"30":{"start":{"line":85,"column":2},"end":{"line":85,"column":26}},"31":{"start":{"line":89,"column":24},"end":{"line":92,"column":1}},"32":{"start":{"line":90,"column":16},"end":{"line":90,"column":35}},"33":{"start":{"line":91,"column":1},"end":{"line":91,"column":32}},"34":{"start":{"line":94,"column":17},"end":{"line":115,"column":1}},"35":{"start":{"line":95,"column":19},"end":{"line":95,"column":46}},"36":{"start":{"line":96,"column":19},"end":{"line":96,"column":59}},"37":{"start":{"line":98,"column":18},"end":{"line":98,"column":19}},"38":{"start":{"line":100,"column":1},"end":{"line":113,"column":null}},"39":{"start":{"line":101,"column":2},"end":{"line":112,"column":null}},"40":{"start":{"line":101,"column":14},"end":{"line":101,"column":15}},"41":{"start":{"line":103,"column":15},"end":{"line":103,"column":29}},"42":{"start":{"line":105,"column":3},"end":{"line":110,"column":null}},"43":{"start":{"line":106,"column":22},"end":{"line":106,"column":48}},"44":{"start":{"line":107,"column":22},"end":{"line":107,"column":36}},"45":{"start":{"line":109,"column":4},"end":{"line":109,"column":41}},"46":{"start":{"line":111,"column":3},"end":{"line":111,"column":16}},"47":{"start":{"line":114,"column":1},"end":{"line":114,"column":15}}},"fnMap":{"0":{"name":"(anonymous_0)","decl":{"start":{"line":22,"column":1},"end":{"line":22,"column":7}},"loc":{"start":{"line":22,"column":57},"end":{"line":62,"column":2}}},"1":{"name":"(anonymous_1)","decl":{"start":{"line":57,"column":41},"end":{"line":57,"column":42}},"loc":{"start":{"line":57,"column":56},"end":{"line":57,"column":87}}},"2":{"name":"(anonymous_2)","decl":{"start":{"line":66,"column":19},"end":{"line":66,"column":20}},"loc":{"start":{"line":66,"column":46},"end":{"line":74,"column":1}}},"3":{"name":"(anonymous_3)","decl":{"start":{"line":67,"column":30},"end":{"line":67,"column":31}},"loc":{"start":{"line":67,"column":36},"end":{"line":73,"column":2}}},"4":{"name":"(anonymous_4)","decl":{"start":{"line":76,"column":22},"end":{"line":76,"column":23}},"loc":{"start":{"line":76,"column":51},"end":{"line":78,"column":1}}},"5":{"name":"(anonymous_5)","decl":{"start":{"line":77,"column":20},"end":{"line":77,"column":21}},"loc":{"start":{"line":77,"column":30},"end":{"line":77,"column":35}}},"6":{"name":"(anonymous_6)","decl":{"start":{"line":80,"column":27},"end":{"line":80,"column":28}},"loc":{"start":{"line":80,"column":56},"end":{"line":87,"column":1}}},"7":{"name":"(anonymous_7)","decl":{"start":{"line":81,"column":19},"end":{"line":81,"column":20}},"loc":{"start":{"line":81,"column":35},"end":{"line":86,"column":2}}},"8":{"name":"(anonymous_8)","decl":{"start":{"line":89,"column":24},"end":{"line":89,"column":25}},"loc":{"start":{"line":89,"column":51},"end":{"line":92,"column":1}}},"9":{"name":"(anonymous_9)","decl":{"start":{"line":94,"column":17},"end":{"line":94,"column":18}},"loc":{"start":{"line":94,"column":68},"end":{"line":115,"column":1}}}},"branchMap":{"0":{"loc":{"start":{"line":34,"column":2},"end":{"line":37,"column":null}},"type":"if","locations":[{"start":{"line":34,"column":2},"end":{"line":37,"column":null}},{"start":{},"end":{}}]},"1":{"loc":{"start":{"line":41,"column":2},"end":{"line":47,"column":null}},"type":"if","locations":[{"start":{"line":41,"column":2},"end":{"line":47,"column":null}},{"start":{},"end":{}}]},"2":{"loc":{"start":{"line":69,"column":2},"end":{"line":71,"column":null}},"type":"if","locations":[{"start":{"line":69,"column":2},"end":{"line":71,"column":null}},{"start":{},"end":{}}]},"3":{"loc":{"start":{"line":82,"column":2},"end":{"line":84,"column":4}},"type":"if","locations":[{"start":{"line":82,"column":2},"end":{"line":84,"column":4}},{"start":{},"end":{}}]},"4":{"loc":{"start":{"line":105,"column":3},"end":{"line":110,"column":null}},"type":"if","locations":[{"start":{"line":105,"column":3},"end":{"line":110,"column":null}},{"start":{},"end":{}}]}},"s":{"0":34,"1":34,"2":1,"3":33,"4":3,"5":30,"6":30,"7":14,"8":14,"9":30,"10":30,"11":30,"12":7879,"13":30,"14":30,"15":2,"16":2,"17":2,"18":34,"19":11293,"20":11293,"21":1,"22":11292,"23":2,"24":14,"25":45046,"26":2,"27":14,"28":5637,"29":14,"30":5623,"31":2,"32":30,"33":30,"34":2,"35":30,"36":30,"37":30,"38":30,"39":11284,"40":11284,"41":62949,"42":62949,"43":22669,"44":22669,"45":22669,"46":62949,"47":30},"f":{"0":34,"1":7879,"2":34,"3":11293,"4":14,"5":45046,"6":14,"7":5637,"8":30,"9":30},"b":{"0":[3,30],"1":[14,16],"2":[1,11292],"3":[14,5623],"4":[22669,40280]}}
,"/Users/alexeygara/ПРОЕКТЫ/String of Numbers Deflate/src/Inflate.ts": {"path":"/Users/alexeygara/ПРОЕКТЫ/String of Numbers Deflate/src/Inflate.ts","statementMap":{"0":{"start":{"line":23,"column":23},"end":{"line":23,"column":37}},"1":{"start":{"line":26,"column":22},"end":{"line":26,"column":57}},"2":{"start":{"line":27,"column":2},"end":{"line":29,"column":null}},"3":{"start":{"line":27,"column":14},"end":{"line":27,"column":15}},"4":{"start":{"line":28,"column":3},"end":{"line":28,"column":47}},"5":{"start":{"line":32,"column":15},"end":{"line":32,"column":66}},"6":{"start":{"line":34,"column":2},"end":{"line":37,"column":null}},"7":{"start":{"line":36,"column":3},"end":{"line":36,"column":41}},"8":{"start":{"line":39,"column":2},"end":{"line":39,"column":26}},"9":{"start":{"line":10,"column":0},"end":{"line":10,"column":13}},"10":{"start":{"line":44,"column":19},"end":{"line":64,"column":1}},"11":{"start":{"line":45,"column":25},"end":{"line":45,"column":27}},"12":{"start":{"line":47,"column":18},"end":{"line":47,"column":19}},"13":{"start":{"line":49,"column":1},"end":{"line":62,"column":null}},"14":{"start":{"line":49,"column":13},"end":{"line":49,"column":14}},"15":{"start":{"line":50,"column":12},"end":{"line":50,"column":13}},"16":{"start":{"line":51,"column":2},"end":{"line":60,"column":null}},"17":{"start":{"line":51,"column":14},"end":{"line":51,"column":15}},"18":{"start":{"line":52,"column":21},"end":{"line":52,"column":47}},"19":{"start":{"line":53,"column":21},"end":{"line":53,"column":35}},"20":{"start":{"line":56,"column":3},"end":{"line":58,"column":null}},"21":{"start":{"line":57,"column":4},"end":{"line":57,"column":20}},"22":{"start":{"line":59,"column":3},"end":{"line":59,"column":16}},"23":{"start":{"line":61,"column":2},"end":{"line":61,"column":19}},"24":{"start":{"line":63,"column":1},"end":{"line":63,"column":15}},"25":{"start":{"line":66,"column":29},"end":{"line":73,"column":1}},"26":{"start":{"line":67,"column":15},"end":{"line":67,"column":16}},"27":{"start":{"line":68,"column":1},"end":{"line":72,"column":4}},"28":{"start":{"line":70,"column":2},"end":{"line":70,"column":19}},"29":{"start":{"line":71,"column":2},"end":{"line":71,"column":17}}},"fnMap":{"0":{"name":"(anonymous_0)","decl":{"start":{"line":20,"column":1},"end":{"line":20,"column":7}},"loc":{"start":{"line":20,"column":101},"end":{"line":40,"column":2}}},"1":{"name":"(anonymous_1)","decl":{"start":{"line":44,"column":19},"end":{"line":44,"column":20}},"loc":{"start":{"line":44,"column":92},"end":{"line":64,"column":1}}},"2":{"name":"(anonymous_2)","decl":{"start":{"line":66,"column":29},"end":{"line":66,"column":30}},"loc":{"start":{"line":66,"column":58},"end":{"line":73,"column":1}}},"3":{"name":"(anonymous_3)","decl":{"start":{"line":68,"column":19},"end":{"line":68,"column":20}},"loc":{"start":{"line":68,"column":29},"end":{"line":72,"column":2}}}},"branchMap":{"0":{"loc":{"start":{"line":34,"column":2},"end":{"line":37,"column":null}},"type":"if","locations":[{"start":{"line":34,"column":2},"end":{"line":37,"column":null}},{"start":{},"end":{}}]},"1":{"loc":{"start":{"line":56,"column":3},"end":{"line":58,"column":null}},"type":"if","locations":[{"start":{"line":56,"column":3},"end":{"line":58,"column":null}},{"start":{},"end":{}}]}},"s":{"0":29,"1":28,"2":28,"3":28,"4":7843,"5":28,"6":28,"7":16,"8":28,"9":2,"10":2,"11":28,"12":28,"13":28,"14":28,"15":11255,"16":11255,"17":11255,"18":62677,"19":62677,"20":62677,"21":22597,"22":62677,"23":11255,"24":28,"25":2,"26":16,"27":16,"28":5636,"29":5636},"f":{"0":29,"1":28,"2":16,"3":5636},"b":{"0":[16,12],"1":[22597,40080]}}
}
