TN:
SF:src/Deflate.ts
FN:22,(anonymous_0)
FN:57,(anonymous_1)
FN:66,(anonymous_2)
FN:67,(anonymous_3)
FN:76,(anonymous_4)
FN:77,(anonymous_5)
FN:80,(anonymous_6)
FN:81,(anonymous_7)
FN:89,(anonymous_8)
FN:94,(anonymous_9)
FNF:10
FNH:10
FNDA:34,(anonymous_0)
FNDA:7879,(anonymous_1)
FNDA:34,(anonymous_2)
FNDA:11293,(anonymous_3)
FNDA:14,(anonymous_4)
FNDA:45046,(anonymous_5)
FNDA:14,(anonymous_6)
FNDA:5637,(anonymous_7)
FNDA:30,(anonymous_8)
FNDA:30,(anonymous_9)
DA:10,2
DA:12,2
DA:27,34
DA:28,34
DA:31,1
DA:34,33
DA:35,3
DA:39,30
DA:41,30
DA:43,14
DA:46,14
DA:50,30
DA:53,30
DA:57,7879
DA:59,30
DA:61,30
DA:66,2
DA:67,34
DA:68,11293
DA:69,11293
DA:70,1
DA:72,11292
DA:76,2
DA:77,45046
DA:80,2
DA:81,14
DA:82,5637
DA:83,14
DA:85,5623
DA:89,2
DA:90,30
DA:91,30
DA:94,2
DA:95,30
DA:96,30
DA:98,30
DA:100,30
DA:101,11284
DA:103,62949
DA:105,62949
DA:106,22669
DA:107,22669
DA:109,22669
DA:111,62949
DA:114,30
LF:45
LH:45
BRDA:34,0,0,3
BRDA:34,0,1,30
BRDA:41,1,0,14
BRDA:41,1,1,16
BRDA:69,2,0,1
BRDA:69,2,1,11292
BRDA:82,3,0,14
BRDA:82,3,1,5623
BRDA:105,4,0,22669
BRDA:105,4,1,40280
BRF:10
BRH:10
end_of_record
TN:
SF:src/Inflate.ts
FN:20,(anonymous_0)
FN:44,(anonymous_1)
FN:66,(anonymous_2)
FN:68,(anonymous_3)
FNF:4
FNH:4
FNDA:29,(anonymous_0)
FNDA:28,(anonymous_1)
FNDA:16,(anonymous_2)
FNDA:5636,(anonymous_3)
DA:10,2
DA:23,29
DA:26,28
DA:27,28
DA:28,7843
DA:32,28
DA:34,28
DA:36,16
DA:39,28
DA:44,2
DA:45,28
DA:47,28
DA:49,28
DA:50,11255
DA:51,11255
DA:52,62677
DA:53,62677
DA:56,62677
DA:57,22597
DA:59,62677
DA:61,11255
DA:63,28
DA:66,2
DA:67,16
DA:68,16
DA:70,5636
DA:71,5636
LF:27
LH:27
BRDA:34,0,0,16
BRDA:34,0,1,12
BRDA:56,1,0,22597
BRDA:56,1,1,40080
BRF:4
BRH:4
end_of_record
